<?xml version="1.0" encoding="UTF-8"?>
<Site BuildName="(empty)"
	BuildStamp="20230827-1150-Experimental"
	Name="(empty)"
	Generator="ctest-3.25.2"
	CompilerName=""
	CompilerVersion=""
	OSName="Windows"
	Hostname="Ru-Laptop"
	OSRelease=" Professional"
	OSVersion=" (Build 22621)"
	OSPlatform="AMD64"
	Is64Bits="1"
	VendorString="GenuineIntel"
	VendorID="Intel Corporation"
	FamilyID="6"
	ModelID="14"
	ProcessorCacheSize="-1"
	NumberOfLogicalCPU="8"
	NumberOfPhysicalCPU="4"
	TotalVirtualMemory="37483"
	TotalPhysicalMemory="32619"
	LogicalProcessorsPerPhysical="2"
	ProcessorClockFrequency="2807"
	>
	<Testing>
		<StartDateTime>Aug 27 12:50 GMT Summer Time</StartDateTime>
		<StartTestTime>1693137039</StartTestTime>
		<TestList/>
		<EndDateTime>Aug 27 12:50 GMT Summer Time</EndDateTime>
		<EndTestTime>1693137039</EndTestTime>
		<ElapsedMinutes>0</ElapsedMinutes>
	</Testing>
</Site>
